0 verbose cli /opt/homebrew/Cellar/node/25.2.1/bin/node /opt/homebrew/bin/npm
1 info using npm@11.6.2
2 info using node@v25.2.1
3 silly config load:file:/opt/homebrew/lib/node_modules/npm/npmrc
4 silly config load:file:/Users/tangmaosheng/Desktop/pawdia-ai.com/.npmrc
5 silly config load:file:/Users/tangmaosheng/.npmrc
6 silly config load:file:/opt/homebrew/etc/npmrc
7 verbose title npm install
8 verbose argv "install" "--cache" "./.npm-cache"
9 verbose logfile logs-max:10 dir:/Users/tangmaosheng/Desktop/pawdia-ai.com/.npm-cache/_logs/2026-03-01T08_19_56_957Z-
10 verbose logfile /Users/tangmaosheng/Desktop/pawdia-ai.com/.npm-cache/_logs/2026-03-01T08_19_56_957Z-debug-0.log
11 silly logfile done cleaning log files
12 silly packumentCache heap:4496293888 maxSize:1124073472 maxEntrySize:562036736
13 silly idealTree buildDeps
14 silly reify moves {}
15 silly audit bulk request {
15 silly audit   '@adobe/css-tools': [ '4.4.4' ],
15 silly audit   '@alloc/quick-lru': [ '5.2.0' ],
15 silly audit   '@ampproject/remapping': [ '2.3.0' ],
15 silly audit   '@babel/code-frame': [ '7.27.1' ],
15 silly audit   '@babel/compat-data': [ '7.28.5' ],
15 silly audit   '@babel/core': [ '7.28.5' ],
15 silly audit   semver: [ '6.3.1', '7.7.3' ],
15 silly audit   '@babel/generator': [ '7.28.5' ],
15 silly audit   '@babel/helper-compilation-targets': [ '7.27.2' ],
15 silly audit   'lru-cache': [ '5.1.1', '10.4.3', '11.2.4' ],
15 silly audit   '@babel/helper-globals': [ '7.28.0' ],
15 silly audit   '@babel/helper-module-imports': [ '7.27.1' ],
15 silly audit   '@babel/helper-module-transforms': [ '7.28.3' ],
15 silly audit   '@babel/helper-string-parser': [ '7.27.1' ],
15 silly audit   '@babel/helper-validator-identifier': [ '7.28.5' ],
15 silly audit   '@babel/helper-validator-option': [ '7.27.1' ],
15 silly audit   '@babel/helpers': [ '7.28.4' ],
15 silly audit   '@babel/parser': [ '7.28.5' ],
15 silly audit   '@babel/runtime': [ '7.28.4' ],
15 silly audit   '@babel/template': [ '7.27.2' ],
15 silly audit   '@babel/traverse': [ '7.28.5' ],
15 silly audit   '@babel/types': [ '7.28.5' ],
15 silly audit   '@bcoe/v8-coverage': [ '0.2.3' ],
15 silly audit   '@emnapi/runtime': [ '1.8.1' ],
15 silly audit   '@esbuild/aix-ppc64': [ '0.27.2', '0.21.5' ],
15 silly audit   '@esbuild/android-arm': [ '0.27.2', '0.21.5' ],
15 silly audit   '@esbuild/android-arm64': [ '0.27.2', '0.21.5' ],
15 silly audit   '@esbuild/android-x64': [ '0.27.2', '0.21.5' ],
15 silly audit   '@esbuild/darwin-arm64': [ '0.27.2', '0.21.5' ],
15 silly audit   '@esbuild/darwin-x64': [ '0.27.2', '0.21.5' ],
15 silly audit   '@esbuild/freebsd-arm64': [ '0.27.2', '0.21.5' ],
15 silly audit   '@esbuild/freebsd-x64': [ '0.27.2', '0.21.5' ],
15 silly audit   '@esbuild/linux-arm': [ '0.27.2', '0.21.5' ],
15 silly audit   '@esbuild/linux-arm64': [ '0.27.2', '0.21.5' ],
15 silly audit   '@esbuild/linux-ia32': [ '0.27.2', '0.21.5' ],
15 silly audit   '@esbuild/linux-loong64': [ '0.27.2', '0.21.5' ],
15 silly audit   '@esbuild/linux-mips64el': [ '0.27.2', '0.21.5' ],
15 silly audit   '@esbuild/linux-ppc64': [ '0.27.2', '0.21.5' ],
15 silly audit   '@esbuild/linux-riscv64': [ '0.27.2', '0.21.5' ],
15 silly audit   '@esbuild/linux-s390x': [ '0.27.2', '0.21.5' ],
15 silly audit   '@esbuild/linux-x64': [ '0.27.2', '0.21.5' ],
15 silly audit   '@esbuild/netbsd-arm64': [ '0.27.2' ],
15 silly audit   '@esbuild/netbsd-x64': [ '0.27.2', '0.21.5' ],
15 silly audit   '@esbuild/openbsd-arm64': [ '0.27.2' ],
15 silly audit   '@esbuild/openbsd-x64': [ '0.27.2', '0.21.5' ],
15 silly audit   '@esbuild/openharmony-arm64': [ '0.27.2' ],
15 silly audit   '@esbuild/sunos-x64': [ '0.27.2', '0.21.5' ],
15 silly audit   '@esbuild/win32-arm64': [ '0.27.2', '0.21.5' ],
15 silly audit   '@esbuild/win32-ia32': [ '0.27.2', '0.21.5' ],
15 silly audit   '@esbuild/win32-x64': [ '0.27.2', '0.21.5' ],
15 silly audit   '@eslint-community/eslint-utils': [ '4.9.1' ],
15 silly audit   'eslint-visitor-keys': [ '3.4.3', '4.2.1' ],
15 silly audit   '@eslint-community/regexpp': [ '4.12.2' ],
15 silly audit   '@eslint/config-array': [ '0.21.1' ],
15 silly audit   '@eslint/config-helpers': [ '0.4.2' ],
15 silly audit   '@eslint/core': [ '0.17.0' ],
15 silly audit   '@eslint/eslintrc': [ '3.3.3' ],
15 silly audit   globals: [ '14.0.0', '15.15.0' ],
15 silly audit   '@eslint/js': [ '9.39.2' ],
15 silly audit   '@eslint/object-schema': [ '2.1.7' ],
15 silly audit   '@eslint/plugin-kit': [ '0.4.1' ],
15 silly audit   '@floating-ui/core': [ '1.7.3' ],
15 silly audit   '@floating-ui/dom': [ '1.7.4' ],
15 silly audit   '@floating-ui/react-dom': [ '2.1.6' ],
15 silly audit   '@floating-ui/utils': [ '0.2.10' ],
15 silly audit   '@hookform/resolvers': [ '3.10.0' ],
15 silly audit   '@humanfs/core': [ '0.19.1' ],
15 silly audit   '@humanfs/node': [ '0.16.7' ],
15 silly audit   '@humanwhocodes/module-importer': [ '1.0.1' ],
15 silly audit   '@humanwhocodes/retry': [ '0.4.3' ],
15 silly audit   '@img/colour': [ '1.0.0' ],
15 silly audit   '@img/sharp-darwin-arm64': [ '0.34.5' ],
15 silly audit   '@img/sharp-darwin-x64': [ '0.34.5' ],
15 silly audit   '@img/sharp-libvips-darwin-arm64': [ '1.2.4' ],
15 silly audit   '@img/sharp-libvips-darwin-x64': [ '1.2.4' ],
15 silly audit   '@img/sharp-libvips-linux-arm': [ '1.2.4' ],
15 silly audit   '@img/sharp-libvips-linux-arm64': [ '1.2.4' ],
15 silly audit   '@img/sharp-libvips-linux-ppc64': [ '1.2.4' ],
15 silly audit   '@img/sharp-libvips-linux-riscv64': [ '1.2.4' ],
15 silly audit   '@img/sharp-libvips-linux-s390x': [ '1.2.4' ],
15 silly audit   '@img/sharp-libvips-linux-x64': [ '1.2.4' ],
15 silly audit   '@img/sharp-libvips-linuxmusl-arm64': [ '1.2.4' ],
15 silly audit   '@img/sharp-libvips-linuxmusl-x64': [ '1.2.4' ],
15 silly audit   '@img/sharp-linux-arm': [ '0.34.5' ],
15 silly audit   '@img/sharp-linux-arm64': [ '0.34.5' ],
15 silly audit   '@img/sharp-linux-ppc64': [ '0.34.5' ],
15 silly audit   '@img/sharp-linux-riscv64': [ '0.34.5' ],
15 silly audit   '@img/sharp-linux-s390x': [ '0.34.5' ],
15 silly audit   '@img/sharp-linux-x64': [ '0.34.5' ],
15 silly audit   '@img/sharp-linuxmusl-arm64': [ '0.34.5' ],
15 silly audit   '@img/sharp-linuxmusl-x64': [ '0.34.5' ],
15 silly audit   '@img/sharp-wasm32': [ '0.34.5' ],
15 silly audit   '@img/sharp-win32-arm64': [ '0.34.5' ],
15 silly audit   '@img/sharp-win32-ia32': [ '0.34.5' ],
15 silly audit   '@img/sharp-win32-x64': [ '0.34.5' ],
15 silly audit   '@isaacs/balanced-match': [ '4.0.1' ],
15 silly audit   '@isaacs/brace-expansion': [ '5.0.0' ],
15 silly audit   '@istanbuljs/schema': [ '0.1.3' ],
15 silly audit   '@jest/diff-sequences': [ '30.0.1' ],
15 silly audit   '@jest/expect-utils': [ '30.2.0' ],
15 silly audit   '@jest/get-type': [ '30.1.0' ],
15 silly audit   '@jest/pattern': [ '30.0.1' ],
15 silly audit   '@jest/schemas': [ '30.0.5', '29.6.3' ],
15 silly audit   '@jest/types': [ '30.2.0' ],
15 silly audit   '@jridgewell/gen-mapping': [ '0.3.13' ],
15 silly audit   '@jridgewell/remapping': [ '2.3.5' ],
15 silly audit   '@jridgewell/resolve-uri': [ '3.1.2' ],
15 silly audit   '@jridgewell/sourcemap-codec': [ '1.5.5' ],
15 silly audit   '@jridgewell/trace-mapping': [ '0.3.31' ],
15 silly audit   '@nodelib/fs.scandir': [ '2.1.5' ],
15 silly audit   '@nodelib/fs.stat': [ '2.0.5' ],
15 silly audit   '@nodelib/fs.walk': [ '1.2.8' ],
15 silly audit   '@paypal/paypal-js': [ '9.1.0' ],
15 silly audit   '@paypal/react-paypal-js': [ '8.9.2' ],
15 silly audit   '@paypal/sdk-constants': [ '1.0.157' ],
15 silly audit   '@prerenderer/prerenderer': [ '0.7.2' ],
15 silly audit   '@prerenderer/renderer-puppeteer': [ '0.2.0' ],
15 silly audit   '@radix-ui/number': [ '1.1.1' ],
15 silly audit   '@radix-ui/primitive': [ '1.1.3' ],
15 silly audit   '@radix-ui/react-accordion': [ '1.2.12' ],
15 silly audit   '@radix-ui/react-alert-dialog': [ '1.1.15' ],
15 silly audit   '@radix-ui/react-slot': [ '1.2.3', '1.2.4' ],
15 silly audit   '@radix-ui/react-arrow': [ '1.1.7' ],
15 silly audit   '@radix-ui/react-aspect-ratio': [ '1.1.8' ],
15 silly audit   '@radix-ui/react-primitive': [ '2.1.4', '2.1.3' ],
15 silly audit   '@radix-ui/react-avatar': [ '1.1.11' ],
15 silly audit   '@radix-ui/react-context': [ '1.1.3', '1.1.2' ],
15 silly audit   '@radix-ui/react-checkbox': [ '1.3.3' ],
15 silly audit   '@radix-ui/react-collapsible': [ '1.1.12' ],
15 silly audit   '@radix-ui/react-collection': [ '1.1.7' ],
15 silly audit   '@radix-ui/react-compose-refs': [ '1.1.2' ],
15 silly audit   '@radix-ui/react-context-menu': [ '2.2.16' ],
15 silly audit   '@radix-ui/react-dialog': [ '1.1.15' ],
15 silly audit   '@radix-ui/react-direction': [ '1.1.1' ],
15 silly audit   '@radix-ui/react-dismissable-layer': [ '1.1.11' ],
15 silly audit   '@radix-ui/react-dropdown-menu': [ '2.1.16' ],
15 silly audit   '@radix-ui/react-focus-guards': [ '1.1.3' ],
15 silly audit   '@radix-ui/react-focus-scope': [ '1.1.7' ],
15 silly audit   '@radix-ui/react-hover-card': [ '1.1.15' ],
15 silly audit   '@radix-ui/react-id': [ '1.1.1' ],
15 silly audit   '@radix-ui/react-label': [ '2.1.8' ],
15 silly audit   '@radix-ui/react-menu': [ '2.1.16' ],
15 silly audit   '@radix-ui/react-menubar': [ '1.1.16' ],
15 silly audit   '@radix-ui/react-navigation-menu': [ '1.2.14' ],
15 silly audit   '@radix-ui/react-popover': [ '1.1.15' ],
15 silly audit   '@radix-ui/react-popper': [ '1.2.8' ],
15 silly audit   '@radix-ui/react-portal': [ '1.1.9' ],
15 silly audit   '@radix-ui/react-presence': [ '1.1.5' ],
15 silly audit   '@radix-ui/react-progress': [ '1.1.8' ],
15 silly audit   '@radix-ui/react-radio-group': [ '1.3.8' ],
15 silly audit   '@radix-ui/react-roving-focus': [ '1.1.11' ],
15 silly audit   '@radix-ui/react-scroll-area': [ '1.2.10' ],
15 silly audit   '@radix-ui/react-select': [ '2.2.6' ],
15 silly audit   '@radix-ui/react-separator': [ '1.1.8' ],
15 silly audit   '@radix-ui/react-slider': [ '1.3.6' ],
15 silly audit   '@radix-ui/react-switch': [ '1.2.6' ],
15 silly audit   '@radix-ui/react-tabs': [ '1.1.13' ],
15 silly audit   '@radix-ui/react-toast': [ '1.2.15' ],
15 silly audit   '@radix-ui/react-toggle': [ '1.1.10' ],
15 silly audit   '@radix-ui/react-toggle-group': [ '1.1.11' ],
15 silly audit   '@radix-ui/react-tooltip': [ '1.2.8' ],
15 silly audit   '@radix-ui/react-use-callback-ref': [ '1.1.1' ],
15 silly audit   '@radix-ui/react-use-controllable-state': [ '1.2.2' ],
15 silly audit   '@radix-ui/react-use-effect-event': [ '0.0.2' ],
15 silly audit   '@radix-ui/react-use-escape-keydown': [ '1.1.1' ],
15 silly audit   '@radix-ui/react-use-is-hydrated': [ '0.1.0' ],
15 silly audit   '@radix-ui/react-use-layout-effect': [ '1.1.1' ],
15 silly audit   '@radix-ui/react-use-previous': [ '1.1.1' ],
15 silly audit   '@radix-ui/react-use-rect': [ '1.1.1' ],
15 silly audit   '@radix-ui/react-use-size': [ '1.1.1' ],
15 silly audit   '@radix-ui/react-visually-hidden': [ '1.2.3' ],
15 silly audit   '@radix-ui/rect': [ '1.1.1' ],
15 silly audit   '@remix-run/router': [ '1.23.2' ],
15 silly audit   '@rolldown/pluginutils': [ '1.0.0-beta.27' ],
15 silly audit   '@rollup/rollup-android-arm-eabi': [ '4.54.0' ],
15 silly audit   '@rollup/rollup-android-arm64': [ '4.54.0' ],
15 silly audit   '@rollup/rollup-darwin-arm64': [ '4.54.0' ],
15 silly audit   '@rollup/rollup-darwin-x64': [ '4.54.0' ],
15 silly audit   '@rollup/rollup-freebsd-arm64': [ '4.54.0' ],
15 silly audit   '@rollup/rollup-freebsd-x64': [ '4.54.0' ],
15 silly audit   '@rollup/rollup-linux-arm-gnueabihf': [ '4.54.0' ],
15 silly audit   '@rollup/rollup-linux-arm-musleabihf': [ '4.54.0' ],
15 silly audit   '@rollup/rollup-linux-arm64-gnu': [ '4.54.0' ],
15 silly audit   '@rollup/rollup-linux-arm64-musl': [ '4.54.0' ],
15 silly audit   '@rollup/rollup-linux-loong64-gnu': [ '4.54.0' ],
15 silly audit   '@rollup/rollup-linux-ppc64-gnu': [ '4.54.0' ],
15 silly audit   '@rollup/rollup-linux-riscv64-gnu': [ '4.54.0' ],
15 silly audit   '@rollup/rollup-linux-riscv64-musl': [ '4.54.0' ],
15 silly audit   '@rollup/rollup-linux-s390x-gnu': [ '4.54.0' ],
15 silly audit   '@rollup/rollup-linux-x64-gnu': [ '4.54.0' ],
15 silly audit   '@rollup/rollup-linux-x64-musl': [ '4.54.0' ],
15 silly audit   '@rollup/rollup-openharmony-arm64': [ '4.54.0' ],
15 silly audit   '@rollup/rollup-win32-arm64-msvc': [ '4.54.0' ],
15 silly audit   '@rollup/rollup-win32-ia32-msvc': [ '4.54.0' ],
15 silly audit   '@rollup/rollup-win32-x64-gnu': [ '4.54.0' ],
15 silly audit   '@rollup/rollup-win32-x64-msvc': [ '4.54.0' ],
15 silly audit   '@sentry-internal/browser-utils': [ '8.55.0' ],
15 silly audit   '@sentry-internal/feedback': [ '8.55.0' ],
15 silly audit   '@sentry-internal/replay': [ '8.55.0' ],
15 silly audit   '@sentry-internal/replay-canvas': [ '8.55.0' ],
15 silly audit   '@sentry/babel-plugin-component-annotate': [ '2.23.1' ],
15 silly audit   '@sentry/browser': [ '8.55.0' ],
15 silly audit   '@sentry/bundler-plugin-core': [ '2.23.1' ],
15 silly audit   'brace-expansion': [ '2.0.2', '1.1.12' ],
15 silly audit   glob: [ '9.3.5', '13.0.0', '7.2.3' ],
15 silly audit   'magic-string': [ '0.30.8', '0.30.21' ],
15 silly audit   minimatch: [ '8.0.4', '9.0.5', '10.1.1', '3.1.2' ],
15 silly audit   minipass: [ '4.2.8', '7.1.2' ],
15 silly audit   'path-scurry': [ '1.11.1', '2.0.1' ],
15 silly audit   '@sentry/cli': [ '2.39.1' ],
15 silly audit   '@sentry/cli-darwin': [ '2.39.1' ],
15 silly audit   '@sentry/cli-linux-arm': [ '2.39.1' ],
15 silly audit   '@sentry/cli-linux-arm64': [ '2.39.1' ],
15 silly audit   '@sentry/cli-linux-i686': [ '2.39.1' ],
15 silly audit   '@sentry/cli-linux-x64': [ '2.39.1' ],
15 silly audit   '@sentry/cli-win32-i686': [ '2.39.1' ],
15 silly audit   '@sentry/cli-win32-x64': [ '2.39.1' ],
15 silly audit   '@sentry/core': [ '8.55.0' ],
15 silly audit   '@sentry/react': [ '8.55.0' ],
15 silly audit   '@sentry/vite-plugin': [ '2.23.1' ],
15 silly audit   '@sinclair/typebox': [ '0.34.47', '0.27.8' ],
15 silly audit   '@stripe/react-stripe-js': [ '5.4.1' ],
15 silly audit   '@stripe/stripe-js': [ '8.6.0' ],
15 silly audit   '@swc/core': [ '1.15.8' ],
15 silly audit   '@swc/core-darwin-arm64': [ '1.15.8' ],
15 silly audit   '@swc/core-darwin-x64': [ '1.15.8' ],
15 silly audit   '@swc/core-linux-arm-gnueabihf': [ '1.15.8' ],
15 silly audit   '@swc/core-linux-arm64-gnu': [ '1.15.8' ],
15 silly audit   '@swc/core-linux-arm64-musl': [ '1.15.8' ],
15 silly audit   '@swc/core-linux-x64-gnu': [ '1.15.8' ],
15 silly audit   '@swc/core-linux-x64-musl': [ '1.15.8' ],
15 silly audit   '@swc/core-win32-arm64-msvc': [ '1.15.8' ],
15 silly audit   '@swc/core-win32-ia32-msvc': [ '1.15.8' ],
15 silly audit   '@swc/core-win32-x64-msvc': [ '1.15.8' ],
15 silly audit   '@swc/counter': [ '0.1.3' ],
15 silly audit   '@swc/types': [ '0.1.25' ],
15 silly audit   '@tailwindcss/typography': [ '0.5.19' ],
15 silly audit   '@tanstack/query-core': [ '5.90.14' ],
15 silly audit   '@tanstack/react-query': [ '5.90.14' ],
15 silly audit   '@testing-library/jest-dom': [ '5.17.0' ],
15 silly audit   chalk: [ '3.0.0', '4.1.2' ],
15 silly audit   '@tootallnate/once': [ '2.0.0' ],
15 silly audit   '@types/d3-array': [ '3.2.2' ],
15 silly audit   '@types/d3-color': [ '3.1.3' ],
15 silly audit   '@types/d3-ease': [ '3.0.2' ],
15 silly audit   '@types/d3-interpolate': [ '3.0.4' ],
15 silly audit   '@types/d3-path': [ '3.1.1', '1.0.11' ],
15 silly audit   '@types/d3-scale': [ '4.0.9' ],
15 silly audit   '@types/d3-shape': [ '3.1.7', '1.3.12' ],
15 silly audit   '@types/d3-time': [ '3.0.4' ],
15 silly audit   '@types/d3-timer': [ '3.0.2' ],
15 silly audit   '@types/estree': [ '1.0.8' ],
15 silly audit   '@types/istanbul-lib-coverage': [ '2.0.6' ],
15 silly audit   '@types/istanbul-lib-report': [ '3.0.3' ],
15 silly audit   '@types/istanbul-reports': [ '3.0.4' ],
15 silly audit   '@types/jest': [ '30.0.0' ],
15 silly audit   '@types/json-schema': [ '7.0.15' ],
15 silly audit   '@types/node': [ '22.19.3' ],
15 silly audit   '@types/prop-types': [ '15.7.15' ],
15 silly audit   '@types/react': [ '18.3.27' ],
15 silly audit   '@types/react-dom': [ '18.3.7' ],
15 silly audit   '@types/recharts': [ '1.8.29' ],
15 silly audit   '@types/stack-utils': [ '2.0.3' ],
15 silly audit   '@types/testing-library__jest-dom': [ '5.14.9' ],
15 silly audit   '@types/yargs': [ '17.0.35' ],
15 silly audit   '@types/yargs-parser': [ '21.0.3' ],
15 silly audit   '@typescript-eslint/eslint-plugin': [ '8.52.0' ],
15 silly audit   ignore: [ '7.0.5', '5.3.2' ],
15 silly audit   '@typescript-eslint/parser': [ '8.52.0' ],
15 silly audit   '@typescript-eslint/project-service': [ '8.52.0' ],
15 silly audit   '@typescript-eslint/scope-manager': [ '8.52.0' ],
15 silly audit   '@typescript-eslint/tsconfig-utils': [ '8.52.0' ],
15 silly audit   '@typescript-eslint/type-utils': [ '8.52.0' ],
15 silly audit   '@typescript-eslint/types': [ '8.52.0' ],
15 silly audit   '@typescript-eslint/typescript-estree': [ '8.52.0' ],
15 silly audit   '@typescript-eslint/utils': [ '8.52.0' ],
15 silly audit   '@typescript-eslint/visitor-keys': [ '8.52.0' ],
15 silly audit   '@vitejs/plugin-react-swc': [ '3.11.0' ],
15 silly audit   '@vitest/coverage-v8': [ '1.6.1' ],
15 silly audit   '@vitest/expect': [ '1.6.1' ],
15 silly audit   '@vitest/runner': [ '1.6.1' ],
15 silly audit   'p-limit': [ '5.0.0', '3.1.0' ],
15 silly audit   'yocto-queue': [ '1.2.2', '0.1.0' ],
15 silly audit   '@vitest/snapshot': [ '1.6.1' ],
15 silly audit   'ansi-styles': [ '5.2.0', '4.3.0' ],
15 silly audit   'pretty-format': [ '29.7.0', '30.2.0' ],
15 silly audit   'react-is': [ '18.3.1', '16.13.1' ],
15 silly audit   '@vitest/spy': [ '1.6.1' ],
15 silly audit   '@vitest/utils': [ '1.6.1' ],
15 silly audit   abab: [ '2.0.6' ],
15 silly audit   accepts: [ '1.3.8' ],
15 silly audit   acorn: [ '8.15.0' ],
15 silly audit   'acorn-jsx': [ '5.3.2' ],
15 silly audit   'acorn-walk': [ '8.3.4' ],
15 silly audit   'agent-base': [ '6.0.2', '4.3.0' ],
15 silly audit   ajv: [ '6.12.6' ],
15 silly audit   'any-promise': [ '1.3.0' ],
15 silly audit   anymatch: [ '3.1.3' ],
15 silly audit   arg: [ '5.0.2' ],
15 silly audit   argparse: [ '2.0.1' ],
15 silly audit   'aria-hidden': [ '1.2.6' ],
15 silly audit   'aria-query': [ '5.3.2' ],
15 silly audit   'arr-diff': [ '4.0.0' ],
15 silly audit   'arr-flatten': [ '1.1.0' ],
15 silly audit   'arr-union': [ '3.1.0' ],
15 silly audit   'array-flatten': [ '1.1.1' ],
15 silly audit   'array-unique': [ '0.3.2' ],
15 silly audit   'assertion-error': [ '1.1.0' ],
15 silly audit   'assign-symbols': [ '1.0.0' ],
15 silly audit   async: [ '3.2.6' ],
15 silly audit   'async-limiter': [ '1.0.1' ],
15 silly audit   asynckit: [ '0.4.0' ],
15 silly audit   atob: [ '2.1.2' ],
15 silly audit   autoprefixer: [ '10.4.23' ],
15 silly audit   'balanced-match': [ '1.0.2' ],
15 silly audit   base: [ '0.11.2' ],
15 silly audit   'define-property': [ '1.0.0', '0.2.5', '2.0.2' ],
15 silly audit   'baseline-browser-mapping': [ '2.9.12' ],
15 silly audit   'binary-extensions': [ '2.3.0' ],
15 silly audit   'body-parser': [ '1.20.4' ],
15 silly audit   debug: [ '2.6.9', '4.4.3', '3.2.7' ],
15 silly audit   'iconv-lite': [ '0.4.24', '0.6.3' ],
15 silly audit   ms: [ '2.0.0', '2.1.3' ],
15 silly audit   braces: [ '3.0.3', '2.3.2' ],
15 silly audit   browserslist: [ '4.28.1' ],
15 silly audit   'buffer-crc32': [ '0.2.13' ],
15 silly audit   'buffer-from': [ '1.1.2' ],
15 silly audit   bytes: [ '3.1.2' ],
15 silly audit   cac: [ '6.7.14' ],
15 silly audit   'cache-base': [ '1.0.1' ],
15 silly audit   'call-bind-apply-helpers': [ '1.0.2' ],
15 silly audit   'call-bound': [ '1.0.4' ],
15 silly audit   callsites: [ '3.1.0' ],
15 silly audit   'camel-case': [ '3.0.0' ],
15 silly audit   'camelcase-css': [ '2.0.1' ],
15 silly audit   'caniuse-lite': [ '1.0.30001763' ],
15 silly audit   chai: [ '4.5.0' ],
15 silly audit   'check-error': [ '1.0.3' ],
15 silly audit   chokidar: [ '3.6.0' ],
15 silly audit   'glob-parent': [ '5.1.2', '6.0.2' ],
15 silly audit   'ci-info': [ '4.3.1' ],
15 silly audit   'class-utils': [ '0.3.6' ],
15 silly audit   'is-descriptor': [ '0.1.7', '1.0.3' ],
15 silly audit   'class-variance-authority': [ '0.7.1' ],
15 silly audit   'clean-css': [ '4.2.4' ],
15 silly audit   clsx: [ '2.1.1' ],
15 silly audit   cmdk: [ '1.1.1' ],
15 silly audit   'collection-visit': [ '1.0.0' ],
15 silly audit   'color-convert': [ '2.0.1' ],
15 silly audit   'color-name': [ '1.1.4' ],
15 silly audit   'combined-stream': [ '1.0.8' ],
15 silly audit   commander: [ '4.1.1', '2.17.1', '2.19.0' ],
15 silly audit   'component-emitter': [ '1.3.1' ],
15 silly audit   'concat-map': [ '0.0.1' ],
15 silly audit   'concat-stream': [ '1.6.2' ],
15 silly audit   confbox: [ '0.1.8' ],
15 silly audit   'content-disposition': [ '0.5.4' ],
15 silly audit   'content-type': [ '1.0.5' ],
15 silly audit   'convert-source-map': [ '2.0.0' ],
15 silly audit   cookie: [ '0.7.2' ],
15 silly audit   'cookie-signature': [ '1.0.7' ],
15 silly audit   'copy-descriptor': [ '0.1.1' ],
15 silly audit   'core-util-is': [ '1.0.3' ],
15 silly audit   'cross-spawn': [ '7.0.6' ],
15 silly audit   'css.escape': [ '1.5.1' ],
15 silly audit   cssesc: [ '3.0.0' ],
15 silly audit   cssstyle: [ '3.0.0' ],
15 silly audit   csstype: [ '3.2.3' ],
15 silly audit   'd3-array': [ '3.2.4' ],
15 silly audit   'd3-color': [ '3.1.0' ],
15 silly audit   'd3-ease': [ '3.0.1' ],
15 silly audit   'd3-format': [ '3.1.0' ],
15 silly audit   'd3-interpolate': [ '3.0.1' ],
15 silly audit   'd3-path': [ '3.1.0' ],
15 silly audit   'd3-scale': [ '4.0.2' ],
15 silly audit   'd3-shape': [ '3.2.0' ],
15 silly audit   'd3-time': [ '3.1.0' ],
15 silly audit   'd3-time-format': [ '4.1.0' ],
15 silly audit   'd3-timer': [ '3.0.1' ],
15 silly audit   'data-urls': [ '4.0.0' ],
15 silly audit   'date-fns': [ '3.6.0' ],
15 silly audit   'decimal.js': [ '10.6.0' ],
15 silly audit   'decimal.js-light': [ '2.5.1' ],
15 silly audit   'decode-uri-component': [ '0.2.2' ],
15 silly audit   'deep-eql': [ '4.1.4' ],
15 silly audit   'deep-is': [ '0.1.4' ],
15 silly audit   'delayed-stream': [ '1.0.0' ],
15 silly audit   depd: [ '2.0.0' ],
15 silly audit   destroy: [ '1.2.0' ],
15 silly audit   'detect-libc': [ '2.1.2' ],
15 silly audit   'detect-node-es': [ '1.1.0' ],
15 silly audit   didyoumean: [ '1.2.2' ],
15 silly audit   'diff-sequences': [ '29.6.3' ],
15 silly audit   dlv: [ '1.1.3' ],
15 silly audit   'dom-accessibility-api': [ '0.5.16' ],
15 silly audit   'dom-helpers': [ '5.2.1' ],
15 silly audit   domexception: [ '4.0.0' ],
15 silly audit   dotenv: [ '16.6.1' ],
15 silly audit   'dunder-proto': [ '1.0.1' ],
15 silly audit   'ee-first': [ '1.1.1' ],
15 silly audit   'electron-to-chromium': [ '1.5.267' ],
15 silly audit   'embla-carousel': [ '8.6.0' ],
15 silly audit   'embla-carousel-react': [ '8.6.0' ],
15 silly audit   'embla-carousel-reactive-utils': [ '8.6.0' ],
15 silly audit   encodeurl: [ '2.0.0' ],
15 silly audit   entities: [ '6.0.1' ],
15 silly audit   'es-define-property': [ '1.0.1' ],
15 silly audit   'es-errors': [ '1.3.0' ],
15 silly audit   'es-object-atoms': [ '1.1.1' ],
15 silly audit   'es-set-tostringtag': [ '2.1.0' ],
15 silly audit   'es6-promise': [ '4.2.8' ],
15 silly audit   'es6-promisify': [ '5.0.0' ],
15 silly audit   esbuild: [ '0.27.2', '0.21.5' ],
15 silly audit   escalade: [ '3.2.0' ],
15 silly audit   'escape-html': [ '1.0.3' ],
15 silly audit   'escape-string-regexp': [ '4.0.0', '2.0.0' ],
15 silly audit   eslint: [ '9.39.2' ],
15 silly audit   'eslint-plugin-react-hooks': [ '5.2.0' ],
15 silly audit   'eslint-plugin-react-refresh': [ '0.4.26' ],
15 silly audit   'eslint-scope': [ '8.4.0' ],
15 silly audit   espree: [ '10.4.0' ],
15 silly audit   esquery: [ '1.7.0' ],
15 silly audit   esrecurse: [ '4.3.0' ],
15 silly audit   estraverse: [ '5.3.0' ],
15 silly audit   'estree-walker': [ '3.0.3' ],
15 silly audit   esutils: [ '2.0.3' ],
15 silly audit   etag: [ '1.8.1' ],
15 silly audit   eventemitter3: [ '4.0.7' ],
15 silly audit   execa: [ '8.0.1' ],
15 silly audit   'expand-brackets': [ '2.1.4' ],
15 silly audit   'extend-shallow': [ '2.0.1', '3.0.2' ],
15 silly audit   'is-extendable': [ '0.1.1', '1.0.1' ],
15 silly audit   expect: [ '30.2.0' ],
15 silly audit   express: [ '4.22.1' ],
15 silly audit   extglob: [ '2.0.4' ],
15 silly audit   'extract-zip': [ '1.7.0' ],
15 silly audit   mkdirp: [ '0.5.6', '1.0.4' ],
15 silly audit   'fast-deep-equal': [ '3.1.3' ],
15 silly audit   'fast-equals': [ '5.4.0' ],
15 silly audit   'fast-glob': [ '3.3.3' ],
15 silly audit   'fast-json-stable-stringify': [ '2.1.0' ],
15 silly audit   'fast-levenshtein': [ '2.0.6' ],
15 silly audit   fastq: [ '1.20.1' ],
15 silly audit   'fd-slicer': [ '1.1.0' ],
15 silly audit   'file-entry-cache': [ '8.0.0' ],
15 silly audit   'fill-range': [ '7.1.1', '4.0.0' ],
15 silly audit   finalhandler: [ '1.3.2' ],
15 silly audit   'find-up': [ '5.0.0' ],
15 silly audit   'flat-cache': [ '4.0.1' ],
15 silly audit   flatted: [ '3.3.3' ],
15 silly audit   'follow-redirects': [ '1.15.11' ],
15 silly audit   'for-in': [ '1.0.2' ],
15 silly audit   'form-data': [ '4.0.5' ],
15 silly audit   forwarded: [ '0.2.0' ],
15 silly audit   'fraction.js': [ '5.3.4' ],
15 silly audit   'fragment-cache': [ '0.2.1' ],
15 silly audit   fresh: [ '0.5.2' ],
15 silly audit   'fs.realpath': [ '1.0.0' ],
15 silly audit   fsevents: [ '2.3.3', '2.3.2' ],
15 silly audit   'function-bind': [ '1.1.2' ],
15 silly audit   gensync: [ '1.0.0-beta.2' ],
15 silly audit   'get-func-name': [ '2.0.2' ],
15 silly audit   'get-intrinsic': [ '1.3.0' ],
15 silly audit   'get-nonce': [ '1.0.1' ],
15 silly audit   'get-proto': [ '1.0.1' ],
15 silly audit   'get-stream': [ '8.0.1' ],
15 silly audit   'get-value': [ '2.0.6' ],
15 silly audit   gopd: [ '1.2.0' ],
15 silly audit   'graceful-fs': [ '4.2.11' ],
15 silly audit   'has-flag': [ '4.0.0' ],
15 silly audit   'has-symbols': [ '1.1.0' ],
15 silly audit   'has-tostringtag': [ '1.0.2' ],
15 silly audit   'has-value': [ '1.0.0', '0.3.1' ],
15 silly audit   'has-values': [ '1.0.0', '0.1.4' ],
15 silly audit   'is-number': [ '3.0.0', '7.0.0' ],
15 silly audit   'kind-of': [ '3.2.2', '4.0.0', '6.0.3' ],
15 silly audit   hasown: [ '2.0.2' ],
15 silly audit   he: [ '1.2.0' ],
15 silly audit   'hi-base32': [ '0.5.1' ],
15 silly audit   'hoist-non-react-statics': [ '3.3.2' ],
15 silly audit   'html-encoding-sniffer': [ '3.0.0' ],
15 silly audit   'html-escaper': [ '2.0.2' ],
15 silly audit   'html-minifier': [ '3.5.21' ],
15 silly audit   'http-errors': [ '2.0.1' ],
15 silly audit   'http-proxy': [ '1.18.1' ],
15 silly audit   'http-proxy-agent': [ '5.0.0' ],
15 silly audit   'http-proxy-middleware': [ '0.18.0' ],
15 silly audit   micromatch: [ '3.1.10', '4.0.8' ],
15 silly audit   'to-regex-range': [ '2.1.1', '5.0.1' ],
15 silly audit   'https-proxy-agent': [ '5.0.1', '2.2.4' ],
15 silly audit   'human-signals': [ '5.0.0' ],
15 silly audit   'import-fresh': [ '3.3.1' ],
15 silly audit   imurmurhash: [ '0.1.4' ],
15 silly audit   'indent-string': [ '4.0.0' ],
15 silly audit   inflight: [ '1.0.6' ],
15 silly audit   inherits: [ '2.0.4' ],
15 silly audit   'input-otp': [ '1.4.2' ],
15 silly audit   internmap: [ '2.0.3' ],
15 silly audit   'ipaddr.js': [ '1.9.1' ],
15 silly audit   'is-accessor-descriptor': [ '1.0.1' ],
15 silly audit   'is-binary-path': [ '2.1.0' ],
15 silly audit   'is-buffer': [ '1.1.6' ],
15 silly audit   'is-core-module': [ '2.16.1' ],
15 silly audit   'is-data-descriptor': [ '1.0.1' ],
15 silly audit   'is-extglob': [ '2.1.1' ],
15 silly audit   'is-glob': [ '4.0.3' ],
15 silly audit   'is-plain-object': [ '2.0.4' ],
15 silly audit   'is-potential-custom-element-name': [ '1.0.1' ],
15 silly audit   'is-stream': [ '3.0.0' ],
15 silly audit   'is-windows': [ '1.0.2' ],
15 silly audit   isarray: [ '1.0.0' ],
15 silly audit   isexe: [ '2.0.0' ],
15 silly audit   isobject: [ '3.0.1', '2.1.0' ],
15 silly audit   'istanbul-lib-coverage': [ '3.2.2' ],
15 silly audit   'istanbul-lib-report': [ '3.0.1' ],
15 silly audit   'istanbul-lib-source-maps': [ '5.0.6' ],
15 silly audit   'istanbul-reports': [ '3.2.0' ],
15 silly audit   'jest-diff': [ '30.2.0' ],
15 silly audit   'jest-matcher-utils': [ '30.2.0' ],
15 silly audit   'jest-message-util': [ '30.2.0' ],
15 silly audit   'jest-mock': [ '30.2.0' ],
15 silly audit   'jest-regex-util': [ '30.0.1' ],
15 silly audit   'jest-util': [ '30.2.0' ],
15 silly audit   picomatch: [ '4.0.3', '2.3.1' ],
15 silly audit   jiti: [ '1.21.7' ],
15 silly audit   'js-tokens': [ '4.0.0', '9.0.1' ],
15 silly audit   'js-yaml': [ '4.1.1' ],
15 silly audit   jsdom: [ '22.1.0' ],
15 silly audit   jsesc: [ '3.1.0' ],
15 silly audit   'json-buffer': [ '3.0.1' ],
15 silly audit   'json-schema-traverse': [ '0.4.1' ],
15 silly audit   'json-stable-stringify-without-jsonify': [ '1.0.1' ],
15 silly audit   json5: [ '2.2.3' ],
15 silly audit   keyv: [ '4.5.4' ],
15 silly audit   levn: [ '0.4.1' ],
15 silly audit   lilconfig: [ '3.1.3' ],
15 silly audit   'lines-and-columns': [ '1.2.4' ],
15 silly audit   'local-pkg': [ '0.5.1' ],
15 silly audit   'locate-path': [ '6.0.0' ],
15 silly audit   lodash: [ '4.17.21' ],
15 silly audit   'lodash.merge': [ '4.6.2' ],
15 silly audit   'loose-envify': [ '1.4.0' ],
15 silly audit   loupe: [ '2.3.7' ],
15 silly audit   'lower-case': [ '1.1.4' ],
15 silly audit   'lucide-react': [ '0.462.0' ],
15 silly audit   magicast: [ '0.3.5' ],
15 silly audit   'make-dir': [ '4.0.0' ],
15 silly audit   'map-cache': [ '0.2.2' ],
15 silly audit   'map-visit': [ '1.0.0' ],
15 silly audit   'math-intrinsics': [ '1.1.0' ],
15 silly audit   'media-typer': [ '0.3.0' ],
15 silly audit   'merge-descriptors': [ '1.0.3' ],
15 silly audit   'merge-stream': [ '2.0.0' ],
15 silly audit   merge2: [ '1.4.1' ],
15 silly audit   methods: [ '1.1.2' ],
15 silly audit   mime: [ '2.6.0', '1.6.0' ],
15 silly audit   'mime-db': [ '1.52.0' ],
15 silly audit   'mime-types': [ '2.1.35' ],
15 silly audit   'mimic-fn': [ '4.0.0' ],
15 silly audit   'min-indent': [ '1.0.1' ],
15 silly audit   minimist: [ '1.2.8' ],
15 silly audit   'mixin-deep': [ '1.3.2' ],
15 silly audit   mlly: [ '1.8.0' ],
15 silly audit   pathe: [ '2.0.3', '1.1.2' ],
15 silly audit   mz: [ '2.7.0' ],
15 silly audit   nanoid: [ '3.3.11' ],
15 silly audit   nanomatch: [ '1.2.13' ],
15 silly audit   'natural-compare': [ '1.4.0' ],
15 silly audit   negotiator: [ '0.6.3' ],
15 silly audit   'next-themes': [ '0.3.0' ],
15 silly audit   'no-case': [ '2.3.2' ],
15 silly audit   'node-fetch': [ '2.7.0' ],
15 silly audit   tr46: [ '0.0.3', '4.1.1' ],
15 silly audit   'webidl-conversions': [ '3.0.1', '7.0.0' ],
15 silly audit   'whatwg-url': [ '5.0.0', '12.0.1' ],
15 silly audit   'node-releases': [ '2.0.27' ],
15 silly audit   'normalize-path': [ '3.0.0' ],
15 silly audit   'npm-run-path': [ '5.3.0' ],
15 silly audit   'path-key': [ '4.0.0', '3.1.1' ],
15 silly audit   nwsapi: [ '2.2.23' ],
15 silly audit   'object-assign': [ '4.1.1' ],
15 silly audit   'object-copy': [ '0.1.0' ],
15 silly audit   'object-hash': [ '3.0.0' ],
15 silly audit   'object-inspect': [ '1.13.4' ],
15 silly audit   'object-visit': [ '1.0.1' ],
15 silly audit   'object.pick': [ '1.3.0' ],
15 silly audit   'on-finished': [ '2.4.1' ],
15 silly audit   once: [ '1.4.0' ],
15 silly audit   onetime: [ '6.0.0' ],
15 silly audit   optionator: [ '0.9.4' ],
15 silly audit   'p-locate': [ '5.0.0' ],
15 silly audit   'param-case': [ '2.1.1' ],
15 silly audit   'parent-module': [ '1.0.1' ],
15 silly audit   parse5: [ '7.3.0' ],
15 silly audit   parseurl: [ '1.3.3' ],
15 silly audit   pascalcase: [ '0.1.1' ],
15 silly audit   'path-exists': [ '4.0.0' ],
15 silly audit   'path-is-absolute': [ '1.0.1' ],
15 silly audit   'path-parse': [ '1.0.7' ],
15 silly audit   'path-to-regexp': [ '0.1.12' ],
15 silly audit   pathval: [ '1.1.1' ],
15 silly audit   pend: [ '1.2.0' ],
15 silly audit   picocolors: [ '1.1.1' ],
15 silly audit   pify: [ '2.3.0' ],
15 silly audit   pirates: [ '4.0.7' ],
15 silly audit   'pkg-types': [ '1.3.1' ],
15 silly audit   playwright: [ '1.57.0' ],
15 silly audit   'playwright-core': [ '1.57.0' ],
15 silly audit   portfinder: [ '1.0.38' ],
15 silly audit   'posix-character-classes': [ '0.1.1' ],
15 silly audit   postcss: [ '8.5.6' ],
15 silly audit   'postcss-import': [ '15.1.0' ],
15 silly audit   'postcss-js': [ '4.1.0' ],
15 silly audit   'postcss-load-config': [ '6.0.1' ],
15 silly audit   'postcss-nested': [ '6.2.0' ],
15 silly audit   'postcss-selector-parser': [ '6.1.2', '6.0.10' ],
15 silly audit   'postcss-value-parser': [ '4.2.0' ],
15 silly audit   'prelude-ls': [ '1.2.1' ],
15 silly audit   'process-nextick-args': [ '2.0.1' ],
15 silly audit   progress: [ '2.0.3' ],
15 silly audit   'promise-limit': [ '2.7.0' ],
15 silly audit   'promise-polyfill': [ '8.3.0' ],
15 silly audit   'prop-types': [ '15.8.1' ],
15 silly audit   'proxy-addr': [ '2.0.7' ],
15 silly audit   'proxy-from-env': [ '1.1.0' ],
15 silly audit   psl: [ '1.15.0' ],
15 silly audit   punycode: [ '2.3.1' ],
15 silly audit   puppeteer: [ '1.20.0' ],
15 silly audit   ws: [ '6.2.3', '8.19.0' ],
15 silly audit   qs: [ '6.14.2' ],
15 silly audit   querystringify: [ '2.2.0' ],
15 silly audit   'queue-microtask': [ '1.2.3' ],
15 silly audit   'range-parser': [ '1.2.1' ],
15 silly audit   'raw-body': [ '2.5.3' ],
15 silly audit   react: [ '18.3.1' ],
15 silly audit   'react-day-picker': [ '8.10.1' ],
15 silly audit   'react-dom': [ '18.3.1' ],
15 silly audit   'react-hook-form': [ '7.69.0' ],
15 silly audit   'react-remove-scroll': [ '2.7.2' ],
15 silly audit   'react-remove-scroll-bar': [ '2.3.8' ],
15 silly audit   'react-resizable-panels': [ '2.1.9' ],
15 silly audit   'react-router': [ '6.30.3' ],
15 silly audit   'react-router-dom': [ '6.30.3' ],
15 silly audit   'react-smooth': [ '4.0.4' ],
15 silly audit   'react-style-singleton': [ '2.2.3' ],
15 silly audit   'react-transition-group': [ '4.4.5' ],
15 silly audit   'read-cache': [ '1.0.0' ],
15 silly audit   'readable-stream': [ '2.3.8' ],
15 silly audit   'safe-buffer': [ '5.1.2', '5.2.1' ],
15 silly audit   readdirp: [ '3.6.0' ],
15 silly audit   recharts: [ '2.15.4' ],
15 silly audit   'recharts-scale': [ '0.4.5' ],
15 silly audit   redent: [ '3.0.0' ],
15 silly audit   'regex-not': [ '1.0.2' ],
15 silly audit   relateurl: [ '0.2.7' ],
15 silly audit   'repeat-element': [ '1.1.4' ],
15 silly audit   'repeat-string': [ '1.6.1' ],
15 silly audit   'requires-port': [ '1.0.0' ],
15 silly audit   resolve: [ '1.22.11' ],
15 silly audit   'resolve-from': [ '4.0.0' ],
15 silly audit   'resolve-url': [ '0.2.1' ],
15 silly audit   ret: [ '0.1.15' ],
15 silly audit   reusify: [ '1.1.0' ],
15 silly audit   rimraf: [ '2.7.1' ],
15 silly audit   rollup: [ '4.54.0' ],
15 silly audit   'rrweb-cssom': [ '0.6.0' ],
15 silly audit   'run-parallel': [ '1.2.0' ],
15 silly audit   'safe-regex': [ '1.1.0' ],
15 silly audit   'safer-buffer': [ '2.1.2' ],
15 silly audit   saxes: [ '6.0.0' ],
15 silly audit   scheduler: [ '0.23.2' ],
15 silly audit   send: [ '0.19.2' ],
15 silly audit   'serve-static': [ '1.16.3' ],
15 silly audit   'set-value': [ '2.0.1' ],
15 silly audit   setprototypeof: [ '1.2.0' ],
15 silly audit   sharp: [ '0.34.5' ],
15 silly audit   'shebang-command': [ '2.0.0' ],
15 silly audit   'shebang-regex': [ '3.0.0' ],
15 silly audit   'side-channel': [ '1.1.0' ],
15 silly audit   'side-channel-list': [ '1.0.0' ],
15 silly audit   'side-channel-map': [ '1.0.1' ],
15 silly audit   'side-channel-weakmap': [ '1.0.2' ],
15 silly audit   siginfo: [ '2.0.0' ],
15 silly audit   'signal-exit': [ '4.1.0' ],
15 silly audit   slash: [ '3.0.0' ],
15 silly audit   snapdragon: [ '0.8.2' ],
15 silly audit   'snapdragon-node': [ '2.1.1' ],
15 silly audit   'snapdragon-util': [ '3.0.1' ],
15 silly audit   'source-map': [ '0.5.7', '0.6.1' ],
15 silly audit   sonner: [ '1.7.4' ],
15 silly audit   'source-map-js': [ '1.2.1' ],
15 silly audit   'source-map-resolve': [ '0.5.3' ],
15 silly audit   'source-map-url': [ '0.4.1' ],
15 silly audit   'split-string': [ '3.1.0' ],
15 silly audit   'stack-utils': [ '2.0.6' ],
15 silly audit   stackback: [ '0.0.2' ],
15 silly audit   'static-extend': [ '0.1.2' ],
15 silly audit   statuses: [ '2.0.2' ],
15 silly audit   'std-env': [ '3.10.0' ],
15 silly audit   string_decoder: [ '1.1.1' ],
15 silly audit   'strip-final-newline': [ '3.0.0' ],
15 silly audit   'strip-indent': [ '3.0.0' ],
15 silly audit   'strip-json-comments': [ '3.1.1' ],
15 silly audit   'strip-literal': [ '2.1.1' ],
15 silly audit   sucrase: [ '3.35.1' ],
15 silly audit   'supports-color': [ '7.2.0' ],
15 silly audit   'supports-preserve-symlinks-flag': [ '1.0.0' ],
15 silly audit   'symbol-tree': [ '3.2.4' ],
15 silly audit   'tailwind-merge': [ '2.6.0' ],
15 silly audit   tailwindcss: [ '3.4.19' ],
15 silly audit   'tailwindcss-animate': [ '1.0.7' ],
15 silly audit   'test-exclude': [ '6.0.0' ],
15 silly audit   thenify: [ '3.3.1' ],
15 silly audit   'thenify-all': [ '1.6.0' ],
15 silly audit   'tiny-invariant': [ '1.3.3' ],
15 silly audit   tinybench: [ '2.9.0' ],
15 silly audit   tinyglobby: [ '0.2.15' ],
15 silly audit   fdir: [ '6.5.0' ],
15 silly audit   tinypool: [ '0.8.4' ],
15 silly audit   tinyspy: [ '2.2.1' ],
15 silly audit   'to-object-path': [ '0.3.0' ],
15 silly audit   'to-regex': [ '3.0.2' ],
15 silly audit   toidentifier: [ '1.0.1' ],
15 silly audit   'tough-cookie': [ '4.1.4' ],
15 silly audit   'ts-api-utils': [ '2.4.0' ],
15 silly audit   'ts-interface-checker': [ '0.1.13' ],
15 silly audit   tslib: [ '2.8.1' ],
15 silly audit   'type-check': [ '0.4.0' ],
15 silly audit   'type-detect': [ '4.1.0' ],
15 silly audit   'type-is': [ '1.6.18' ],
15 silly audit   typedarray: [ '0.0.6' ],
15 silly audit   typescript: [ '5.9.3' ],
15 silly audit   'typescript-eslint': [ '8.52.0' ],
15 silly audit   ufo: [ '1.6.2' ],
15 silly audit   'uglify-js': [ '3.4.10' ],
15 silly audit   'undici-types': [ '6.21.0' ],
15 silly audit   'union-value': [ '1.0.1' ],
15 silly audit   universalify: [ '0.2.0' ],
15 silly audit   unpipe: [ '1.0.0' ],
15 silly audit   unplugin: [ '1.0.1' ],
15 silly audit   'unset-value': [ '1.0.0' ],
15 silly audit   'update-browserslist-db': [ '1.2.3' ],
15 silly audit   'upper-case': [ '1.1.3' ],
15 silly audit   'uri-js': [ '4.4.1' ],
15 silly audit   urix: [ '0.1.0' ],
15 silly audit   'url-parse': [ '1.5.10' ],
15 silly audit   use: [ '3.1.1' ],
15 silly audit   'use-callback-ref': [ '1.3.3' ],
15 silly audit   'use-sidecar': [ '1.1.3' ],
15 silly audit   'use-sync-external-store': [ '1.6.0' ],
15 silly audit   'util-deprecate': [ '1.0.2' ],
15 silly audit   'utils-merge': [ '1.0.1' ],
15 silly audit   vary: [ '1.1.2' ],
15 silly audit   vaul: [ '0.9.9' ],
15 silly audit   'victory-vendor': [ '36.9.2' ],
15 silly audit   vite: [ '7.3.1', '5.4.21' ],
15 silly audit   'vite-node': [ '1.6.1' ],
15 silly audit   'vite-plugin-prerender': [ '1.0.8' ],
15 silly audit   vitest: [ '1.6.1' ],
15 silly audit   'w3c-xmlserializer': [ '4.0.0' ],
15 silly audit   'webpack-sources': [ '3.3.3' ],
15 silly audit   'webpack-virtual-modules': [ '0.5.0' ],
15 silly audit   'whatwg-encoding': [ '2.0.0' ],
15 silly audit   'whatwg-mimetype': [ '3.0.0' ],
15 silly audit   which: [ '2.0.2' ],
15 silly audit   'why-is-node-running': [ '2.3.0' ],
15 silly audit   'word-wrap': [ '1.2.5' ],
15 silly audit   wrappy: [ '1.0.2' ],
15 silly audit   'xml-name-validator': [ '4.0.0' ],
15 silly audit   xmlchars: [ '2.2.0' ],
15 silly audit   yallist: [ '3.1.1' ],
15 silly audit   yauzl: [ '2.10.0' ],
15 silly audit   zod: [ '3.25.76' ]
15 silly audit }
16 http fetch POST 200 https://registry.npmjs.org/-/npm/v1/security/advisories/bulk 848ms
17 silly audit report {
17 silly audit report   '@isaacs/brace-expansion': [
17 silly audit report     {
17 silly audit report       id: 1112954,
17 silly audit report       url: 'https://github.com/advisories/GHSA-7h2j-956f-4vf2',
17 silly audit report       title: '@isaacs/brace-expansion has Uncontrolled Resource Consumption',
17 silly audit report       severity: 'high',
17 silly audit report       vulnerable_versions: '<=5.0.0',
17 silly audit report       cwe: [Array],
17 silly audit report       cvss: [Object]
17 silly audit report     }
17 silly audit report   ],
17 silly audit report   minimatch: [
17 silly audit report     {
17 silly audit report       id: 1113459,
17 silly audit report       url: 'https://github.com/advisories/GHSA-3ppc-4f35-3m26',
17 silly audit report       title: 'minimatch has a ReDoS via repeated wildcards with non-matching literal in pattern',
17 silly audit report       severity: 'high',
17 silly audit report       vulnerable_versions: '<3.1.3',
17 silly audit report       cwe: [Array],
17 silly audit report       cvss: [Object]
17 silly audit report     },
17 silly audit report     {
17 silly audit report       id: 1113464,
17 silly audit report       url: 'https://github.com/advisories/GHSA-3ppc-4f35-3m26',
17 silly audit report       title: 'minimatch has a ReDoS via repeated wildcards with non-matching literal in pattern',
17 silly audit report       severity: 'high',
17 silly audit report       vulnerable_versions: '>=8.0.0 <8.0.5',
17 silly audit report       cwe: [Array],
17 silly audit report       cvss: [Object]
17 silly audit report     },
17 silly audit report     {
17 silly audit report       id: 1113465,
17 silly audit report       url: 'https://github.com/advisories/GHSA-3ppc-4f35-3m26',
17 silly audit report       title: 'minimatch has a ReDoS via repeated wildcards with non-matching literal in pattern',
17 silly audit report       severity: 'high',
17 silly audit report       vulnerable_versions: '>=9.0.0 <9.0.6',
17 silly audit report       cwe: [Array],
17 silly audit report       cvss: [Object]
17 silly audit report     },
17 silly audit report     {
17 silly audit report       id: 1113466,
17 silly audit report       url: 'https://github.com/advisories/GHSA-3ppc-4f35-3m26',
17 silly audit report       title: 'minimatch has a ReDoS via repeated wildcards with non-matching literal in pattern',
17 silly audit report       severity: 'high',
17 silly audit report       vulnerable_versions: '>=10.0.0 <10.2.1',
17 silly audit report       cwe: [Array],
17 silly audit report       cvss: [Object]
17 silly audit report     },
17 silly audit report     {
17 silly audit report       id: 1113538,
17 silly audit report       url: 'https://github.com/advisories/GHSA-7r86-cg39-jmmj',
17 silly audit report       title: 'minimatch has ReDoS: matchOne() combinatorial backtracking via multiple non-adjacent GLOBSTAR segments',
17 silly audit report       severity: 'high',
17 silly audit report       vulnerable_versions: '<3.1.3',
17 silly audit report       cwe: [Array],
17 silly audit report       cvss: [Object]
17 silly audit report     },
17 silly audit report     {
17 silly audit report       id: 1113543,
17 silly audit report       url: 'https://github.com/advisories/GHSA-7r86-cg39-jmmj',
17 silly audit report       title: 'minimatch has ReDoS: matchOne() combinatorial backtracking via multiple non-adjacent GLOBSTAR segments',
17 silly audit report       severity: 'high',
17 silly audit report       vulnerable_versions: '>=8.0.0 <8.0.6',
17 silly audit report       cwe: [Array],
17 silly audit report       cvss: [Object]
17 silly audit report     },
17 silly audit report     {
17 silly audit report       id: 1113544,
17 silly audit report       url: 'https://github.com/advisories/GHSA-7r86-cg39-jmmj',
17 silly audit report       title: 'minimatch has ReDoS: matchOne() combinatorial backtracking via multiple non-adjacent GLOBSTAR segments',
17 silly audit report       severity: 'high',
17 silly audit report       vulnerable_versions: '>=9.0.0 <9.0.7',
17 silly audit report       cwe: [Array],
17 silly audit report       cvss: [Object]
17 silly audit report     },
17 silly audit report     {
17 silly audit report       id: 1113545,
17 silly audit report       url: 'https://github.com/advisories/GHSA-7r86-cg39-jmmj',
17 silly audit report       title: 'minimatch has ReDoS: matchOne() combinatorial backtracking via multiple non-adjacent GLOBSTAR segments',
17 silly audit report       severity: 'high',
17 silly audit report       vulnerable_versions: '>=10.0.0 <10.2.3',
17 silly audit report       cwe: [Array],
17 silly audit report       cvss: [Object]
17 silly audit report     },
17 silly audit report     {
17 silly audit report       id: 1113546,
17 silly audit report       url: 'https://github.com/advisories/GHSA-23c5-xmqv-rm74',
17 silly audit report       title: 'minimatch ReDoS: nested *() extglobs generate catastrophically backtracking regular expressions',
17 silly audit report       severity: 'high',
17 silly audit report       vulnerable_versions: '<3.1.4',
17 silly audit report       cwe: [Array],
17 silly audit report       cvss: [Object]
17 silly audit report     },
17 silly audit report     {
17 silly audit report       id: 1113551,
17 silly audit report       url: 'https://github.com/advisories/GHSA-23c5-xmqv-rm74',
17 silly audit report       title: 'minimatch ReDoS: nested *() extglobs generate catastrophically backtracking regular expressions',
17 silly audit report       severity: 'high',
17 silly audit report       vulnerable_versions: '>=8.0.0 <8.0.6',
17 silly audit report       cwe: [Array],
17 silly audit report       cvss: [Object]
17 silly audit report     },
17 silly audit report     {
17 silly audit report       id: 1113552,
17 silly audit report       url: 'https://github.com/advisories/GHSA-23c5-xmqv-rm74',
17 silly audit report       title: 'minimatch ReDoS: nested *() extglobs generate catastrophically backtracking regular expressions',
17 silly audit report       severity: 'high',
17 silly audit report       vulnerable_versions: '>=9.0.0 <9.0.7',
17 silly audit report       cwe: [Array],
17 silly audit report       cvss: [Object]
17 silly audit report     },
17 silly audit report     {
17 silly audit report       id: 1113553,
17 silly audit report       url: 'https://github.com/advisories/GHSA-23c5-xmqv-rm74',
17 silly audit report       title: 'minimatch ReDoS: nested *() extglobs generate catastrophically backtracking regular expressions',
17 silly audit report       severity: 'high',
17 silly audit report       vulnerable_versions: '>=10.0.0 <10.2.3',
17 silly audit report       cwe: [Array],
17 silly audit report       cvss: [Object]
17 silly audit report     }
17 silly audit report   ],
17 silly audit report   ajv: [
17 silly audit report     {
17 silly audit report       id: 1113428,
17 silly audit report       url: 'https://github.com/advisories/GHSA-2g4f-4pwh-qvx6',
17 silly audit report       title: 'ajv has ReDoS when using `$data` option',
17 silly audit report       severity: 'moderate',
17 silly audit report       vulnerable_versions: '<6.14.0',
17 silly audit report       cwe: [Array],
17 silly audit report       cvss: [Object]
17 silly audit report     }
17 silly audit report   ],
17 silly audit report   braces: [
17 silly audit report     {
17 silly audit report       id: 1098094,
17 silly audit report       url: 'https://github.com/advisories/GHSA-grv7-fg5c-xmjg',
17 silly audit report       title: 'Uncontrolled resource consumption in braces',
17 silly audit report       severity: 'high',
17 silly audit report       vulnerable_versions: '<3.0.3',
17 silly audit report       cwe: [Array],
17 silly audit report       cvss: [Object]
17 silly audit report     }
17 silly audit report   ],
17 silly audit report   esbuild: [
17 silly audit report     {
17 silly audit report       id: 1102341,
17 silly audit report       url: 'https://github.com/advisories/GHSA-67mh-4wv8-2f99',
17 silly audit report       title: 'esbuild enables any website to send any requests to the development server and read the response',
17 silly audit report       severity: 'moderate',
17 silly audit report       vulnerable_versions: '<=0.24.2',
17 silly audit report       cwe: [Array],
17 silly audit report       cvss: [Object]
17 silly audit report     }
17 silly audit report   ],
17 silly audit report   'html-minifier': [
17 silly audit report     {
17 silly audit report       id: 1105440,
17 silly audit report       url: 'https://github.com/advisories/GHSA-pfq8-rq6v-vf5m',
17 silly audit report       title: 'kangax html-minifier REDoS vulnerability',
17 silly audit report       severity: 'high',
17 silly audit report       vulnerable_versions: '<=4.0.0',
17 silly audit report       cwe: [Array],
17 silly audit report       cvss: [Object]
17 silly audit report     }
17 silly audit report   ],
17 silly audit report   'http-proxy-middleware': [
17 silly audit report     {
17 silly audit report       id: 1100223,
17 silly audit report       url: 'https://github.com/advisories/GHSA-c7qv-q95q-8v27',
17 silly audit report       title: 'Denial of service in http-proxy-middleware',
17 silly audit report       severity: 'high',
17 silly audit report       vulnerable_versions: '<2.0.7',
17 silly audit report       cwe: [Array],
17 silly audit report       cvss: [Object]
17 silly audit report     }
17 silly audit report   ],
17 silly audit report   micromatch: [
17 silly audit report     {
17 silly audit report       id: 1098681,
17 silly audit report       url: 'https://github.com/advisories/GHSA-952p-6rrq-rcjv',
17 silly audit report       title: 'Regular Expression Denial of Service (ReDoS) in micromatch',
17 silly audit report       severity: 'moderate',
17 silly audit report       vulnerable_versions: '<4.0.8',
17 silly audit report       cwe: [Array],
17 silly audit report       cvss: [Object]
17 silly audit report     }
17 silly audit report   ],
17 silly audit report   lodash: [
17 silly audit report     {
17 silly audit report       id: 1112455,
17 silly audit report       url: 'https://github.com/advisories/GHSA-xxjr-mmjv-4gpg',
17 silly audit report       title: 'Lodash has Prototype Pollution Vulnerability in `_.unset` and `_.omit` functions',
17 silly audit report       severity: 'moderate',
17 silly audit report       vulnerable_versions: '>=4.0.0 <=4.17.22',
17 silly audit report       cwe: [Array],
17 silly audit report       cvss: [Object]
17 silly audit report     }
17 silly audit report   ],
17 silly audit report   rollup: [
17 silly audit report     {
17 silly audit report       id: 1113515,
17 silly audit report       url: 'https://github.com/advisories/GHSA-mw96-cpmx-2vgc',
17 silly audit report       title: 'Rollup 4 has Arbitrary File Write via Path Traversal',
17 silly audit report       severity: 'high',
17 silly audit report       vulnerable_versions: '>=4.0.0 <4.59.0',
17 silly audit report       cwe: [Array],
17 silly audit report       cvss: [Object]
17 silly audit report     }
17 silly audit report   ]
17 silly audit report }
18 silly packumentCache corgi:https://registry.npmjs.org/@isaacs%2fbrace-expansion cache-miss
19 silly packumentCache corgi:https://registry.npmjs.org/minimatch cache-miss
20 silly packumentCache corgi:https://registry.npmjs.org/ajv cache-miss
21 silly packumentCache corgi:https://registry.npmjs.org/braces cache-miss
22 silly packumentCache corgi:https://registry.npmjs.org/esbuild cache-miss
23 silly packumentCache corgi:https://registry.npmjs.org/html-minifier cache-miss
24 silly packumentCache corgi:https://registry.npmjs.org/http-proxy-middleware cache-miss
25 silly packumentCache corgi:https://registry.npmjs.org/micromatch cache-miss
26 silly packumentCache corgi:https://registry.npmjs.org/lodash cache-miss
27 silly packumentCache corgi:https://registry.npmjs.org/rollup cache-miss
28 http fetch GET 200 https://registry.npmjs.org/ajv 107ms (cache revalidated)
29 silly packumentCache corgi:https://registry.npmjs.org/ajv set size:464537 disposed:false
30 http fetch GET 200 https://registry.npmjs.org/lodash 497ms (cache revalidated)
31 silly packumentCache corgi:https://registry.npmjs.org/lodash set size:68481 disposed:false
32 http fetch GET 200 https://registry.npmjs.org/http-proxy-middleware 499ms (cache revalidated)
33 silly packumentCache corgi:https://registry.npmjs.org/http-proxy-middleware set size:146277 disposed:false
34 http fetch GET 200 https://registry.npmjs.org/micromatch 500ms (cache revalidated)
35 silly packumentCache corgi:https://registry.npmjs.org/micromatch set size:71776 disposed:false
36 http fetch GET 200 https://registry.npmjs.org/rollup 503ms (cache revalidated)
37 silly packumentCache corgi:https://registry.npmjs.org/rollup set size:2543476 disposed:false
38 http fetch GET 200 https://registry.npmjs.org/html-minifier 519ms (cache revalidated)
39 silly packumentCache corgi:https://registry.npmjs.org/html-minifier set size:78247 disposed:false
40 http fetch GET 200 https://registry.npmjs.org/braces 524ms (cache revalidated)
41 silly packumentCache corgi:https://registry.npmjs.org/braces set size:35919 disposed:false
42 http fetch GET 200 https://registry.npmjs.org/minimatch 524ms (cache revalidated)
43 silly packumentCache corgi:https://registry.npmjs.org/minimatch set size:167610 disposed:false
44 http fetch GET 200 https://registry.npmjs.org/@isaacs%2fbrace-expansion 527ms (cache revalidated)
45 silly packumentCache corgi:https://registry.npmjs.org/@isaacs%2fbrace-expansion set size:1702 disposed:false
46 http fetch GET 200 https://registry.npmjs.org/esbuild 731ms (cache revalidated)
47 silly packumentCache corgi:https://registry.npmjs.org/esbuild set size:879341 disposed:false
48 silly packumentCache corgi:https://registry.npmjs.org/@eslint%2fconfig-array cache-miss
49 silly packumentCache corgi:https://registry.npmjs.org/@eslint%2feslintrc cache-miss
50 silly packumentCache corgi:https://registry.npmjs.org/eslint cache-miss
51 silly packumentCache corgi:https://registry.npmjs.org/glob cache-miss
52 silly packumentCache corgi:https://registry.npmjs.org/test-exclude cache-miss
53 http fetch GET 200 https://registry.npmjs.org/test-exclude 96ms (cache revalidated)
54 silly packumentCache corgi:https://registry.npmjs.org/test-exclude set size:42527 disposed:false
55 http fetch GET 200 https://registry.npmjs.org/glob 97ms (cache revalidated)
56 silly packumentCache corgi:https://registry.npmjs.org/glob set size:199194 disposed:false
57 http fetch GET 200 https://registry.npmjs.org/@eslint%2feslintrc 100ms (cache revalidated)
58 silly packumentCache corgi:https://registry.npmjs.org/@eslint%2feslintrc set size:81979 disposed:false
59 http fetch GET 200 https://registry.npmjs.org/eslint 112ms (cache revalidated)
60 silly packumentCache corgi:https://registry.npmjs.org/eslint set size:1135904 disposed:false
61 http fetch GET 200 https://registry.npmjs.org/@eslint%2fconfig-array 353ms (cache revalidated)
62 silly packumentCache corgi:https://registry.npmjs.org/@eslint%2fconfig-array set size:15303 disposed:false
63 silly packumentCache corgi:https://registry.npmjs.org/@typescript-eslint%2ftypescript-estree cache-miss
64 http fetch GET 200 https://registry.npmjs.org/@typescript-eslint%2ftypescript-estree 127ms (cache revalidated)
65 silly packumentCache corgi:https://registry.npmjs.org/@typescript-eslint%2ftypescript-estree set size:8501137 disposed:false
66 silly packumentCache corgi:https://registry.npmjs.org/vite cache-miss
67 http fetch GET 200 https://registry.npmjs.org/vite 113ms (cache revalidated)
68 silly packumentCache corgi:https://registry.npmjs.org/vite set size:2190484 disposed:false
69 silly packumentCache corgi:https://registry.npmjs.org/vite-plugin-prerender cache-miss
70 http fetch GET 200 https://registry.npmjs.org/vite-plugin-prerender 349ms (cache revalidated)
71 silly packumentCache corgi:https://registry.npmjs.org/vite-plugin-prerender set size:14690 disposed:false
72 silly packumentCache corgi:https://registry.npmjs.org/@prerenderer%2fprerenderer cache-miss
73 http fetch GET 200 https://registry.npmjs.org/@prerenderer%2fprerenderer 1285ms (cache revalidated)
74 silly packumentCache corgi:https://registry.npmjs.org/@prerenderer%2fprerenderer set size:29263 disposed:false
75 silly packumentCache corgi:https://registry.npmjs.org/@testing-library%2fjest-dom cache-miss
76 silly packumentCache corgi:https://registry.npmjs.org/recharts cache-miss
77 http fetch GET 200 https://registry.npmjs.org/recharts 111ms (cache revalidated)
78 silly packumentCache corgi:https://registry.npmjs.org/recharts set size:777667 disposed:false
79 http fetch GET 200 https://registry.npmjs.org/@testing-library%2fjest-dom 115ms (cache revalidated)
80 silly packumentCache corgi:https://registry.npmjs.org/@testing-library%2fjest-dom set size:135208 disposed:false
81 silly packumentCache corgi:https://registry.npmjs.org/vite-node cache-miss
82 silly packumentCache corgi:https://registry.npmjs.org/vitest cache-miss
83 http fetch GET 200 https://registry.npmjs.org/vite-node 96ms (cache revalidated)
84 silly packumentCache corgi:https://registry.npmjs.org/vite-node set size:452191 disposed:false
85 http fetch GET 200 https://registry.npmjs.org/vitest 100ms (cache revalidated)
86 silly packumentCache corgi:https://registry.npmjs.org/vitest set size:1202018 disposed:false
87 silly packumentCache corgi:https://registry.npmjs.org/@vitest%2fcoverage-v8 cache-miss
88 http fetch GET 200 https://registry.npmjs.org/@vitest%2fcoverage-v8 126ms (cache revalidated)
89 silly packumentCache corgi:https://registry.npmjs.org/@vitest%2fcoverage-v8 set size:212784 disposed:false
90 verbose cwd /Users/tangmaosheng/Desktop/pawdia-ai.com
91 verbose os Darwin 24.5.0
92 verbose node v25.2.1
93 verbose npm  v11.6.2
94 verbose exit 0
95 info ok
